0 info it worked if it ends with ok
1 verbose cli [ '/home/pi/.nvm/versions/node/v6.3.0/bin/node',
1 verbose cli   '/home/pi/.nvm/versions/node/v6.3.0/bin/npm',
1 verbose cli   'run',
1 verbose cli   'watch' ]
2 info using npm@3.10.3
3 info using node@v6.3.0
4 verbose run-script [ 'prewatch', 'watch', 'postwatch' ]
5 info lifecycle aurora@1.10.0~prewatch: aurora@1.10.0
6 silly lifecycle aurora@1.10.0~prewatch: no script for prewatch, continuing
7 info lifecycle aurora@1.10.0~watch: aurora@1.10.0
8 verbose lifecycle aurora@1.10.0~watch: unsafe-perm in lifecycle true
9 verbose lifecycle aurora@1.10.0~watch: PATH: /home/pi/.nvm/versions/node/v6.3.0/lib/node_modules/npm/bin/node-gyp-bin:/home/pi/Projects/aurora/node_modules/.bin:/home/pi/.nvm/versions/node/v6.3.0/bin:/home/pi/.nvm/versions/node/v6.3.0/bin:/usr/local/sbin:/usr/local/bin:/usr/sbin:/usr/bin:/sbin:/bin:/usr/local/games:/usr/games
10 verbose lifecycle aurora@1.10.0~watch: CWD: /home/pi/Projects/aurora
11 silly lifecycle aurora@1.10.0~watch: Args: [ '-c', 'webpack --progress --colors --watch' ]
12 silly lifecycle aurora@1.10.0~watch: Returned: code: 143  signal: null
13 info lifecycle aurora@1.10.0~watch: Failed to exec watch script
14 verbose stack Error: aurora@1.10.0 watch: `webpack --progress --colors --watch`
14 verbose stack Exit status 143
14 verbose stack     at EventEmitter.<anonymous> (/home/pi/.nvm/versions/node/v6.3.0/lib/node_modules/npm/lib/utils/lifecycle.js:242:16)
14 verbose stack     at emitTwo (events.js:106:13)
14 verbose stack     at EventEmitter.emit (events.js:191:7)
14 verbose stack     at ChildProcess.<anonymous> (/home/pi/.nvm/versions/node/v6.3.0/lib/node_modules/npm/lib/utils/spawn.js:40:14)
14 verbose stack     at emitTwo (events.js:106:13)
14 verbose stack     at ChildProcess.emit (events.js:191:7)
14 verbose stack     at maybeClose (internal/child_process.js:852:16)
14 verbose stack     at Process.ChildProcess._handle.onexit (internal/child_process.js:215:5)
15 verbose pkgid aurora@1.10.0
16 verbose cwd /home/pi/Projects/aurora
17 error Linux 4.4.13-v7+
18 error argv "/home/pi/.nvm/versions/node/v6.3.0/bin/node" "/home/pi/.nvm/versions/node/v6.3.0/bin/npm" "run" "watch"
19 error node v6.3.0
20 error npm  v3.10.3
21 error code ELIFECYCLE
22 error aurora@1.10.0 watch: `webpack --progress --colors --watch`
22 error Exit status 143
23 error Failed at the aurora@1.10.0 watch script 'webpack --progress --colors --watch'.
23 error Make sure you have the latest version of node.js and npm installed.
23 error If you do, this is most likely a problem with the aurora package,
23 error not with npm itself.
23 error Tell the author that this fails on your system:
23 error     webpack --progress --colors --watch
23 error You can get information on how to open an issue for this project with:
23 error     npm bugs aurora
23 error Or if that isn't available, you can get their info via:
23 error     npm owner ls aurora
23 error There is likely additional logging output above.
24 verbose exit [ 1, true ]
